{"/Users/SatMan1980/Downloads/program/HIVE_Heychain/TESTing_TESTS/hive-keychain-extension/src/interfaces/keys.interface.ts": {"path":"/Users/SatMan1980/Downloads/program/HIVE_Heychain/TESTing_TESTS/hive-keychain-extension/src/interfaces/keys.interface.ts","statementMap":{"0":{"start":{"line":12,"column":0},"end":{"line":12,"column":null}},"1":{"start":{"line":13,"column":2},"end":{"line":13,"column":null}},"2":{"start":{"line":14,"column":2},"end":{"line":14,"column":null}},"3":{"start":{"line":15,"column":2},"end":{"line":15,"column":null}}},"fnMap":{"0":{"name":"(anonymous_0)","decl":{"start":{"line":12,"column":0},"end":{"line":12,"column":12}},"loc":{"start":{"line":12,"column":19},"end":{"line":16,"column":1}}}},"branchMap":{"0":{"loc":{"start":{"line":12,"column":12},"end":{"line":12,"column":null}},"type":"binary-expr","locations":[{"start":{"line":12,"column":12},"end":{"line":12,"column":19}},{"start":{"line":12,"column":12},"end":{"line":12,"column":null}}]}},"s":{"0":1,"1":1,"2":1,"3":1},"f":{"0":1},"b":{"0":[1,1]}}
,"/Users/SatMan1980/Downloads/program/HIVE_Heychain/TESTing_TESTS/hive-keychain-extension/src/utils/account.utils.ts": {"path":"/Users/SatMan1980/Downloads/program/HIVE_Heychain/TESTing_TESTS/hive-keychain-extension/src/utils/account.utils.ts","statementMap":{"0":{"start":{"line":1,"column":0},"end":{"line":1,"column":38}},"1":{"start":{"line":4,"column":0},"end":{"line":4,"column":62}},"2":{"start":{"line":5,"column":0},"end":{"line":5,"column":75}},"3":{"start":{"line":6,"column":0},"end":{"line":6,"column":null}},"4":{"start":{"line":10,"column":0},"end":{"line":10,"column":53}},"5":{"start":{"line":11,"column":0},"end":{"line":11,"column":37}},"6":{"start":{"line":14,"column":0},"end":{"line":14,"column":62}},"7":{"start":{"line":16,"column":0},"end":{"line":16,"column":80}},"8":{"start":{"line":17,"column":0},"end":{"line":17,"column":51}},"9":{"start":{"line":18,"column":0},"end":{"line":18,"column":49}},"10":{"start":{"line":19,"column":0},"end":{"line":19,"column":37}},"11":{"start":{"line":20,"column":0},"end":{"line":20,"column":37}},"12":{"start":{"line":21,"column":0},"end":{"line":21,"column":53}},"13":{"start":{"line":23,"column":0},"end":{"line":23,"column":null}},"14":{"start":{"line":24,"column":2},"end":{"line":24,"column":null}},"15":{"start":{"line":25,"column":2},"end":{"line":25,"column":null}},"16":{"start":{"line":26,"column":2},"end":{"line":26,"column":null}},"17":{"start":{"line":27,"column":2},"end":{"line":27,"column":null}},"18":{"start":{"line":28,"column":2},"end":{"line":28,"column":null}},"19":{"start":{"line":31,"column":16},"end":{"line":80,"column":2}},"20":{"start":{"line":31,"column":61},"end":{"line":80,"column":2}},"21":{"start":{"line":32,"column":2},"end":{"line":37,"column":null}},"22":{"start":{"line":33,"column":4},"end":{"line":35,"column":6}},"23":{"start":{"line":36,"column":4},"end":{"line":36,"column":16}},"24":{"start":{"line":38,"column":23},"end":{"line":40,"column":4}},"25":{"start":{"line":41,"column":2},"end":{"line":44,"column":null}},"26":{"start":{"line":42,"column":4},"end":{"line":42,"column":73}},"27":{"start":{"line":43,"column":4},"end":{"line":43,"column":16}},"28":{"start":{"line":45,"column":21},"end":{"line":45,"column":43}},"29":{"start":{"line":46,"column":22},"end":{"line":46,"column":45}},"30":{"start":{"line":47,"column":18},"end":{"line":47,"column":42}},"31":{"start":{"line":49,"column":2},"end":{"line":67,"column":null}},"32":{"start":{"line":50,"column":23},"end":{"line":50,"column":75}},"33":{"start":{"line":51,"column":4},"end":{"line":66,"column":null}},"34":{"start":{"line":52,"column":6},"end":{"line":55,"column":8}},"35":{"start":{"line":56,"column":11},"end":{"line":66,"column":null}},"36":{"start":{"line":57,"column":6},"end":{"line":60,"column":8}},"37":{"start":{"line":61,"column":11},"end":{"line":66,"column":null}},"38":{"start":{"line":62,"column":6},"end":{"line":65,"column":8}},"39":{"start":{"line":69,"column":15},"end":{"line":72,"column":null}},"40":{"start":{"line":75,"column":2},"end":{"line":77,"column":null}},"41":{"start":{"line":76,"column":4},"end":{"line":76,"column":72}},"42":{"start":{"line":79,"column":2},"end":{"line":79,"column":14}},"43":{"start":{"line":82,"column":22},"end":{"line":97,"column":2}},"44":{"start":{"line":86,"column":26},"end":{"line":97,"column":2}},"45":{"start":{"line":87,"column":2},"end":{"line":90,"column":null}},"46":{"start":{"line":88,"column":4},"end":{"line":88,"column":73}},"47":{"start":{"line":89,"column":4},"end":{"line":89,"column":16}},"48":{"start":{"line":91,"column":2},"end":{"line":94,"column":null}},"49":{"start":{"line":92,"column":4},"end":{"line":92,"column":77}},"50":{"start":{"line":93,"column":4},"end":{"line":93,"column":16}},"51":{"start":{"line":96,"column":2},"end":{"line":96,"column":37}},"52":{"start":{"line":99,"column":21},"end":{"line":106,"column":2}},"53":{"start":{"line":99,"column":73},"end":{"line":106,"column":2}},"54":{"start":{"line":100,"column":29},"end":{"line":100,"column":52}},"55":{"start":{"line":101,"column":27},"end":{"line":101,"column":62}},"56":{"start":{"line":102,"column":2},"end":{"line":105,"column":4}},"57":{"start":{"line":108,"column":36},"end":{"line":116,"column":2}},"58":{"start":{"line":110,"column":29},"end":{"line":116,"column":2}},"59":{"start":{"line":111,"column":28},"end":{"line":112,"column":null}},"60":{"start":{"line":114,"column":19},"end":{"line":114,"column":68}},"61":{"start":{"line":115,"column":2},"end":{"line":115,"column":24}},"62":{"start":{"line":118,"column":37},"end":{"line":128,"column":1}},"63":{"start":{"line":122,"column":2},"end":{"line":124,"column":null}},"64":{"start":{"line":123,"column":4},"end":{"line":123,"column":17}},"65":{"start":{"line":125,"column":2},"end":{"line":127,"column":4}},"66":{"start":{"line":126,"column":31},"end":{"line":126,"column":59}},"67":{"start":{"line":130,"column":24},"end":{"line":132,"column":2}},"68":{"start":{"line":130,"column":65},"end":{"line":132,"column":2}},"69":{"start":{"line":131,"column":2},"end":{"line":131,"column":48}},"70":{"start":{"line":134,"column":26},"end":{"line":140,"column":2}},"71":{"start":{"line":134,"column":37},"end":{"line":140,"column":2}},"72":{"start":{"line":135,"column":2},"end":{"line":139,"column":4}},"73":{"start":{"line":142,"column":29},"end":{"line":214,"column":2}},"74":{"start":{"line":147,"column":26},"end":{"line":214,"column":2}},"75":{"start":{"line":150,"column":2},"end":{"line":153,"column":null}},"76":{"start":{"line":151,"column":4},"end":{"line":151,"column":41}},"77":{"start":{"line":152,"column":4},"end":{"line":152,"column":16}},"78":{"start":{"line":155,"column":2},"end":{"line":166,"column":null}},"79":{"start":{"line":157,"column":43},"end":{"line":157,"column":60}},"80":{"start":{"line":160,"column":4},"end":{"line":160,"column":60}},"81":{"start":{"line":161,"column":4},"end":{"line":161,"column":16}},"82":{"start":{"line":163,"column":4},"end":{"line":165,"column":7}},"83":{"start":{"line":164,"column":38},"end":{"line":164,"column":55}},"84":{"start":{"line":168,"column":2},"end":{"line":175,"column":null}},"85":{"start":{"line":170,"column":43},"end":{"line":170,"column":60}},"86":{"start":{"line":173,"column":4},"end":{"line":173,"column":55}},"87":{"start":{"line":174,"column":4},"end":{"line":174,"column":16}},"88":{"start":{"line":177,"column":23},"end":{"line":179,"column":4}},"89":{"start":{"line":181,"column":2},"end":{"line":184,"column":null}},"90":{"start":{"line":182,"column":4},"end":{"line":182,"column":51}},"91":{"start":{"line":183,"column":4},"end":{"line":183,"column":16}},"92":{"start":{"line":185,"column":20},"end":{"line":185,"column":35}},"93":{"start":{"line":187,"column":24},"end":{"line":187,"column":42}},"94":{"start":{"line":188,"column":25},"end":{"line":188,"column":44}},"95":{"start":{"line":190,"column":19},"end":{"line":190,"column":21}},"96":{"start":{"line":192,"column":21},"end":{"line":193,"column":null}},"97":{"start":{"line":193,"column":21},"end":{"line":193,"column":57}},"98":{"start":{"line":195,"column":22},"end":{"line":196,"column":null}},"99":{"start":{"line":196,"column":21},"end":{"line":196,"column":57}},"100":{"start":{"line":199,"column":2},"end":{"line":202,"column":null}},"101":{"start":{"line":200,"column":4},"end":{"line":200,"column":71}},"102":{"start":{"line":201,"column":4},"end":{"line":201,"column":16}},"103":{"start":{"line":204,"column":2},"end":{"line":207,"column":null}},"104":{"start":{"line":205,"column":4},"end":{"line":205,"column":53}},"105":{"start":{"line":206,"column":4},"end":{"line":206,"column":48}},"106":{"start":{"line":208,"column":2},"end":{"line":211,"column":null}},"107":{"start":{"line":209,"column":4},"end":{"line":209,"column":55}},"108":{"start":{"line":210,"column":4},"end":{"line":210,"column":49}},"109":{"start":{"line":213,"column":2},"end":{"line":213,"column":14}},"110":{"start":{"line":216,"column":15},"end":{"line":274,"column":2}},"111":{"start":{"line":221,"column":4},"end":{"line":274,"column":2}},"112":{"start":{"line":222,"column":2},"end":{"line":225,"column":null}},"113":{"start":{"line":223,"column":4},"end":{"line":223,"column":73}},"114":{"start":{"line":224,"column":4},"end":{"line":224,"column":16}},"115":{"start":{"line":227,"column":2},"end":{"line":232,"column":null}},"116":{"start":{"line":228,"column":4},"end":{"line":230,"column":6}},"117":{"start":{"line":231,"column":4},"end":{"line":231,"column":16}},"118":{"start":{"line":233,"column":15},"end":{"line":233,"column":74}},"119":{"start":{"line":234,"column":16},"end":{"line":235,"column":null}},"120":{"start":{"line":235,"column":31},"end":{"line":235,"column":66}},"121":{"start":{"line":237,"column":2},"end":{"line":273,"column":null}},"122":{"start":{"line":238,"column":4},"end":{"line":269,"column":null}},"123":{"start":{"line":240,"column":8},"end":{"line":245,"column":null}},"124":{"start":{"line":241,"column":10},"end":{"line":243,"column":13}},"125":{"start":{"line":244,"column":10},"end":{"line":244,"column":17}},"126":{"start":{"line":246,"column":8},"end":{"line":246,"column":42}},"127":{"start":{"line":247,"column":8},"end":{"line":247,"column":54}},"128":{"start":{"line":248,"column":8},"end":{"line":248,"column":14}},"129":{"start":{"line":250,"column":8},"end":{"line":255,"column":null}},"130":{"start":{"line":251,"column":10},"end":{"line":253,"column":13}},"131":{"start":{"line":254,"column":10},"end":{"line":254,"column":17}},"132":{"start":{"line":256,"column":8},"end":{"line":256,"column":44}},"133":{"start":{"line":257,"column":8},"end":{"line":257,"column":56}},"134":{"start":{"line":258,"column":8},"end":{"line":258,"column":14}},"135":{"start":{"line":260,"column":8},"end":{"line":265,"column":null}},"136":{"start":{"line":261,"column":10},"end":{"line":263,"column":13}},"137":{"start":{"line":264,"column":10},"end":{"line":264,"column":17}},"138":{"start":{"line":266,"column":8},"end":{"line":266,"column":38}},"139":{"start":{"line":267,"column":8},"end":{"line":267,"column":50}},"140":{"start":{"line":268,"column":8},"end":{"line":268,"column":14}},"141":{"start":{"line":270,"column":4},"end":{"line":270,"column":61}},"142":{"start":{"line":271,"column":4},"end":{"line":271,"column":61}},"143":{"start":{"line":272,"column":4},"end":{"line":272,"column":20}},"144":{"start":{"line":276,"column":18},"end":{"line":300,"column":1}},"145":{"start":{"line":281,"column":18},"end":{"line":282,"column":null}},"146":{"start":{"line":282,"column":31},"end":{"line":282,"column":66}},"147":{"start":{"line":285,"column":2},"end":{"line":298,"column":null}},"148":{"start":{"line":287,"column":13},"end":{"line":287,"column":34}},"149":{"start":{"line":288,"column":13},"end":{"line":288,"column":40}},"150":{"start":{"line":289,"column":6},"end":{"line":289,"column":12}},"151":{"start":{"line":291,"column":13},"end":{"line":291,"column":35}},"152":{"start":{"line":292,"column":13},"end":{"line":292,"column":41}},"153":{"start":{"line":293,"column":6},"end":{"line":293,"column":12}},"154":{"start":{"line":295,"column":13},"end":{"line":295,"column":32}},"155":{"start":{"line":296,"column":13},"end":{"line":296,"column":38}},"156":{"start":{"line":297,"column":6},"end":{"line":297,"column":12}},"157":{"start":{"line":299,"column":2},"end":{"line":299,"column":18}},"158":{"start":{"line":302,"column":22},"end":{"line":309,"column":1}},"159":{"start":{"line":306,"column":2},"end":{"line":308,"column":4}},"160":{"start":{"line":307,"column":31},"end":{"line":307,"column":59}},"161":{"start":{"line":311,"column":31},"end":{"line":316,"column":1}},"162":{"start":{"line":315,"column":2},"end":{"line":315,"column":49}},"163":{"start":{"line":318,"column":25},"end":{"line":328,"column":2}},"164":{"start":{"line":318,"column":36},"end":{"line":328,"column":2}},"165":{"start":{"line":319,"column":19},"end":{"line":319,"column":54}},"166":{"start":{"line":320,"column":13},"end":{"line":322,"column":4}},"167":{"start":{"line":323,"column":12},"end":{"line":323,"column":44}},"168":{"start":{"line":324,"column":12},"end":{"line":324,"column":39}},"169":{"start":{"line":325,"column":2},"end":{"line":325,"column":15}},"170":{"start":{"line":326,"column":2},"end":{"line":326,"column":29}},"171":{"start":{"line":327,"column":2},"end":{"line":327,"column":12}},"172":{"start":{"line":330,"column":21},"end":{"line":335,"column":1}},"173":{"start":{"line":331,"column":2},"end":{"line":331,"column":40}},"174":{"start":{"line":332,"column":2},"end":{"line":332,"column":33}},"175":{"start":{"line":333,"column":2},"end":{"line":333,"column":29}},"176":{"start":{"line":334,"column":2},"end":{"line":334,"column":39}},"177":{"start":{"line":337,"column":24},"end":{"line":360,"column":1}},"178":{"start":{"line":348,"column":2},"end":{"line":348,"column":46}},"179":{"start":{"line":348,"column":37},"end":{"line":348,"column":46}},"180":{"start":{"line":349,"column":2},"end":{"line":359,"column":4}},"181":{"start":{"line":362,"column":22},"end":{"line":367,"column":2}},"182":{"start":{"line":362,"column":66},"end":{"line":367,"column":2}},"183":{"start":{"line":363,"column":27},"end":{"line":365,"column":4}},"184":{"start":{"line":366,"column":2},"end":{"line":366,"column":38}},"185":{"start":{"line":369,"column":21},"end":{"line":391,"column":1}},"186":{"start":{"line":373,"column":21},"end":{"line":374,"column":null}},"187":{"start":{"line":376,"column":21},"end":{"line":377,"column":null}},"188":{"start":{"line":380,"column":20},"end":{"line":383,"column":14}},"189":{"start":{"line":385,"column":28},"end":{"line":388,"column":14}},"190":{"start":{"line":389,"column":34},"end":{"line":389,"column":65}},"191":{"start":{"line":390,"column":2},"end":{"line":390,"column":65}},"192":{"start":{"line":393,"column":25},"end":{"line":397,"column":2}},"193":{"start":{"line":393,"column":52},"end":{"line":397,"column":2}},"194":{"start":{"line":394,"column":2},"end":{"line":396,"column":4}},"195":{"start":{"line":399,"column":27},"end":{"line":401,"column":2}},"196":{"start":{"line":399,"column":54},"end":{"line":401,"column":2}},"197":{"start":{"line":400,"column":2},"end":{"line":400,"column":75}},"198":{"start":{"line":403,"column":21},"end":{"line":422,"column":2}},"199":{"start":{"line":424,"column":13},"end":{"line":426,"column":2}},"200":{"start":{"line":428,"column":0},"end":{"line":428,"column":28}}},"fnMap":{"0":{"name":"(anonymous_14)","decl":{"start":{"line":23,"column":0},"end":{"line":23,"column":5}},"loc":{"start":{"line":23,"column":25},"end":{"line":29,"column":1}}},"1":{"name":"(anonymous_15)","decl":{"start":{"line":31,"column":16},"end":{"line":31,"column":23}},"loc":{"start":{"line":31,"column":61},"end":{"line":80,"column":2}}},"2":{"name":"(anonymous_16)","decl":{"start":{"line":31,"column":61},"end":{"line":31,"column":null}},"loc":{"start":{"line":31,"column":61},"end":{"line":80,"column":1}}},"3":{"name":"(anonymous_17)","decl":{"start":{"line":82,"column":22},"end":{"line":82,"column":null}},"loc":{"start":{"line":86,"column":26},"end":{"line":97,"column":2}}},"4":{"name":"(anonymous_18)","decl":{"start":{"line":86,"column":26},"end":{"line":86,"column":null}},"loc":{"start":{"line":86,"column":26},"end":{"line":97,"column":1}}},"5":{"name":"(anonymous_19)","decl":{"start":{"line":99,"column":21},"end":{"line":99,"column":28}},"loc":{"start":{"line":99,"column":73},"end":{"line":106,"column":2}}},"6":{"name":"(anonymous_20)","decl":{"start":{"line":99,"column":73},"end":{"line":99,"column":null}},"loc":{"start":{"line":99,"column":73},"end":{"line":106,"column":1}}},"7":{"name":"(anonymous_21)","decl":{"start":{"line":108,"column":36},"end":{"line":108,"column":null}},"loc":{"start":{"line":110,"column":29},"end":{"line":116,"column":2}}},"8":{"name":"(anonymous_22)","decl":{"start":{"line":110,"column":29},"end":{"line":110,"column":null}},"loc":{"start":{"line":110,"column":29},"end":{"line":116,"column":1}}},"9":{"name":"(anonymous_23)","decl":{"start":{"line":118,"column":37},"end":{"line":118,"column":null}},"loc":{"start":{"line":121,"column":13},"end":{"line":128,"column":1}}},"10":{"name":"(anonymous_24)","decl":{"start":{"line":126,"column":4},"end":{"line":126,"column":5}},"loc":{"start":{"line":126,"column":31},"end":{"line":126,"column":59}}},"11":{"name":"(anonymous_25)","decl":{"start":{"line":130,"column":24},"end":{"line":130,"column":31}},"loc":{"start":{"line":130,"column":65},"end":{"line":132,"column":2}}},"12":{"name":"(anonymous_26)","decl":{"start":{"line":130,"column":65},"end":{"line":130,"column":null}},"loc":{"start":{"line":130,"column":65},"end":{"line":132,"column":1}}},"13":{"name":"(anonymous_27)","decl":{"start":{"line":134,"column":26},"end":{"line":134,"column":35}},"loc":{"start":{"line":134,"column":37},"end":{"line":140,"column":2}}},"14":{"name":"(anonymous_28)","decl":{"start":{"line":134,"column":37},"end":{"line":134,"column":null}},"loc":{"start":{"line":134,"column":37},"end":{"line":140,"column":1}}},"15":{"name":"(anonymous_29)","decl":{"start":{"line":142,"column":29},"end":{"line":142,"column":null}},"loc":{"start":{"line":147,"column":26},"end":{"line":214,"column":2}}},"16":{"name":"(anonymous_30)","decl":{"start":{"line":147,"column":26},"end":{"line":147,"column":null}},"loc":{"start":{"line":147,"column":26},"end":{"line":214,"column":1}}},"17":{"name":"(anonymous_31)","decl":{"start":{"line":157,"column":11},"end":{"line":157,"column":12}},"loc":{"start":{"line":157,"column":43},"end":{"line":157,"column":60}}},"18":{"name":"(anonymous_32)","decl":{"start":{"line":164,"column":6},"end":{"line":164,"column":7}},"loc":{"start":{"line":164,"column":38},"end":{"line":164,"column":55}}},"19":{"name":"(anonymous_33)","decl":{"start":{"line":170,"column":11},"end":{"line":170,"column":12}},"loc":{"start":{"line":170,"column":43},"end":{"line":170,"column":60}}},"20":{"name":"(anonymous_34)","decl":{"start":{"line":193,"column":4},"end":{"line":193,"column":5}},"loc":{"start":{"line":193,"column":21},"end":{"line":193,"column":57}}},"21":{"name":"(anonymous_35)","decl":{"start":{"line":196,"column":4},"end":{"line":196,"column":5}},"loc":{"start":{"line":196,"column":21},"end":{"line":196,"column":57}}},"22":{"name":"(anonymous_36)","decl":{"start":{"line":216,"column":15},"end":{"line":216,"column":null}},"loc":{"start":{"line":221,"column":4},"end":{"line":274,"column":2}}},"23":{"name":"(anonymous_37)","decl":{"start":{"line":221,"column":4},"end":{"line":221,"column":null}},"loc":{"start":{"line":221,"column":4},"end":{"line":274,"column":1}}},"24":{"name":"(anonymous_38)","decl":{"start":{"line":235,"column":4},"end":{"line":235,"column":5}},"loc":{"start":{"line":235,"column":31},"end":{"line":235,"column":66}}},"25":{"name":"(anonymous_39)","decl":{"start":{"line":276,"column":18},"end":{"line":276,"column":null}},"loc":{"start":{"line":280,"column":20},"end":{"line":300,"column":1}}},"26":{"name":"(anonymous_40)","decl":{"start":{"line":282,"column":4},"end":{"line":282,"column":5}},"loc":{"start":{"line":282,"column":31},"end":{"line":282,"column":66}}},"27":{"name":"(anonymous_41)","decl":{"start":{"line":302,"column":22},"end":{"line":302,"column":null}},"loc":{"start":{"line":305,"column":20},"end":{"line":309,"column":1}}},"28":{"name":"(anonymous_42)","decl":{"start":{"line":307,"column":4},"end":{"line":307,"column":5}},"loc":{"start":{"line":307,"column":31},"end":{"line":307,"column":59}}},"29":{"name":"(anonymous_43)","decl":{"start":{"line":311,"column":31},"end":{"line":311,"column":null}},"loc":{"start":{"line":314,"column":13},"end":{"line":316,"column":1}}},"30":{"name":"(anonymous_44)","decl":{"start":{"line":318,"column":25},"end":{"line":318,"column":34}},"loc":{"start":{"line":318,"column":36},"end":{"line":328,"column":2}}},"31":{"name":"(anonymous_45)","decl":{"start":{"line":318,"column":36},"end":{"line":318,"column":null}},"loc":{"start":{"line":318,"column":36},"end":{"line":328,"column":1}}},"32":{"name":"(anonymous_46)","decl":{"start":{"line":330,"column":21},"end":{"line":330,"column":24}},"loc":{"start":{"line":330,"column":26},"end":{"line":335,"column":1}}},"33":{"name":"(anonymous_47)","decl":{"start":{"line":337,"column":24},"end":{"line":337,"column":null}},"loc":{"start":{"line":347,"column":4},"end":{"line":360,"column":1}}},"34":{"name":"(anonymous_48)","decl":{"start":{"line":362,"column":22},"end":{"line":362,"column":29}},"loc":{"start":{"line":362,"column":66},"end":{"line":367,"column":2}}},"35":{"name":"(anonymous_49)","decl":{"start":{"line":362,"column":66},"end":{"line":362,"column":null}},"loc":{"start":{"line":362,"column":66},"end":{"line":367,"column":1}}},"36":{"name":"(anonymous_50)","decl":{"start":{"line":369,"column":21},"end":{"line":369,"column":null}},"loc":{"start":{"line":372,"column":4},"end":{"line":391,"column":1}}},"37":{"name":"(anonymous_51)","decl":{"start":{"line":393,"column":25},"end":{"line":393,"column":32}},"loc":{"start":{"line":393,"column":52},"end":{"line":397,"column":2}}},"38":{"name":"(anonymous_52)","decl":{"start":{"line":393,"column":52},"end":{"line":393,"column":null}},"loc":{"start":{"line":393,"column":52},"end":{"line":397,"column":1}}},"39":{"name":"(anonymous_53)","decl":{"start":{"line":399,"column":27},"end":{"line":399,"column":34}},"loc":{"start":{"line":399,"column":54},"end":{"line":401,"column":2}}},"40":{"name":"(anonymous_54)","decl":{"start":{"line":399,"column":54},"end":{"line":399,"column":null}},"loc":{"start":{"line":399,"column":54},"end":{"line":401,"column":1}}}},"branchMap":{"0":{"loc":{"start":{"line":23,"column":5},"end":{"line":23,"column":null}},"type":"binary-expr","locations":[{"start":{"line":23,"column":5},"end":{"line":23,"column":25}},{"start":{"line":23,"column":5},"end":{"line":23,"column":null}}]},"1":{"loc":{"start":{"line":32,"column":2},"end":{"line":37,"column":null}},"type":"if","locations":[{"start":{"line":32,"column":2},"end":{"line":37,"column":null}}]},"2":{"loc":{"start":{"line":41,"column":2},"end":{"line":44,"column":null}},"type":"if","locations":[{"start":{"line":41,"column":2},"end":{"line":44,"column":null}}]},"3":{"loc":{"start":{"line":49,"column":2},"end":{"line":67,"column":null}},"type":"if","locations":[{"start":{"line":49,"column":2},"end":{"line":67,"column":null}}]},"4":{"loc":{"start":{"line":51,"column":4},"end":{"line":66,"column":null}},"type":"if","locations":[{"start":{"line":51,"column":4},"end":{"line":66,"column":null}},{"start":{"line":56,"column":11},"end":{"line":66,"column":null}}]},"5":{"loc":{"start":{"line":56,"column":11},"end":{"line":66,"column":null}},"type":"if","locations":[{"start":{"line":56,"column":11},"end":{"line":66,"column":null}},{"start":{"line":61,"column":11},"end":{"line":66,"column":null}}]},"6":{"loc":{"start":{"line":61,"column":11},"end":{"line":66,"column":null}},"type":"if","locations":[{"start":{"line":61,"column":11},"end":{"line":66,"column":null}}]},"7":{"loc":{"start":{"line":75,"column":2},"end":{"line":77,"column":null}},"type":"if","locations":[{"start":{"line":75,"column":2},"end":{"line":77,"column":null}}]},"8":{"loc":{"start":{"line":87,"column":2},"end":{"line":90,"column":null}},"type":"if","locations":[{"start":{"line":87,"column":2},"end":{"line":90,"column":null}}]},"9":{"loc":{"start":{"line":87,"column":6},"end":{"line":87,"column":52}},"type":"binary-expr","locations":[{"start":{"line":87,"column":6},"end":{"line":87,"column":27}},{"start":{"line":87,"column":31},"end":{"line":87,"column":52}}]},"10":{"loc":{"start":{"line":91,"column":2},"end":{"line":94,"column":null}},"type":"if","locations":[{"start":{"line":91,"column":2},"end":{"line":94,"column":null}}]},"11":{"loc":{"start":{"line":115,"column":9},"end":{"line":115,"column":23}},"type":"cond-expr","locations":[{"start":{"line":115,"column":17},"end":{"line":115,"column":19}},{"start":{"line":115,"column":9},"end":{"line":115,"column":23}}]},"12":{"loc":{"start":{"line":115,"column":9},"end":{"line":115,"column":19}},"type":"binary-expr","locations":[{"start":{"line":115,"column":9},"end":{"line":115,"column":19}},{"start":{"line":115,"column":9},"end":{"line":115,"column":19}}]},"13":{"loc":{"start":{"line":122,"column":2},"end":{"line":124,"column":null}},"type":"if","locations":[{"start":{"line":122,"column":2},"end":{"line":124,"column":null}}]},"14":{"loc":{"start":{"line":122,"column":6},"end":{"line":122,"column":50}},"type":"binary-expr","locations":[{"start":{"line":122,"column":6},"end":{"line":122,"column":23}},{"start":{"line":122,"column":27},"end":{"line":122,"column":50}}]},"15":{"loc":{"start":{"line":150,"column":2},"end":{"line":153,"column":null}},"type":"if","locations":[{"start":{"line":150,"column":2},"end":{"line":153,"column":null}}]},"16":{"loc":{"start":{"line":150,"column":6},"end":{"line":150,"column":49}},"type":"binary-expr","locations":[{"start":{"line":150,"column":6},"end":{"line":150,"column":21}},{"start":{"line":150,"column":25},"end":{"line":150,"column":49}}]},"17":{"loc":{"start":{"line":155,"column":2},"end":{"line":166,"column":null}},"type":"if","locations":[{"start":{"line":155,"column":2},"end":{"line":166,"column":null}},{"start":{"line":162,"column":9},"end":{"line":166,"column":null}}]},"18":{"loc":{"start":{"line":168,"column":2},"end":{"line":175,"column":null}},"type":"if","locations":[{"start":{"line":168,"column":2},"end":{"line":175,"column":null}}]},"19":{"loc":{"start":{"line":181,"column":2},"end":{"line":184,"column":null}},"type":"if","locations":[{"start":{"line":181,"column":2},"end":{"line":184,"column":null}}]},"20":{"loc":{"start":{"line":181,"column":6},"end":{"line":181,"column":48}},"type":"binary-expr","locations":[{"start":{"line":181,"column":6},"end":{"line":181,"column":19}},{"start":{"line":181,"column":23},"end":{"line":181,"column":48}}]},"21":{"loc":{"start":{"line":199,"column":2},"end":{"line":202,"column":null}},"type":"if","locations":[{"start":{"line":199,"column":2},"end":{"line":202,"column":null}}]},"22":{"loc":{"start":{"line":199,"column":6},"end":{"line":199,"column":33}},"type":"binary-expr","locations":[{"start":{"line":199,"column":6},"end":{"line":199,"column":17}},{"start":{"line":199,"column":21},"end":{"line":199,"column":33}}]},"23":{"loc":{"start":{"line":204,"column":2},"end":{"line":207,"column":null}},"type":"if","locations":[{"start":{"line":204,"column":2},"end":{"line":207,"column":null}}]},"24":{"loc":{"start":{"line":204,"column":6},"end":{"line":204,"column":67}},"type":"binary-expr","locations":[{"start":{"line":204,"column":6},"end":{"line":204,"column":16}},{"start":{"line":204,"column":20},"end":{"line":204,"column":67}}]},"25":{"loc":{"start":{"line":208,"column":2},"end":{"line":211,"column":null}},"type":"if","locations":[{"start":{"line":208,"column":2},"end":{"line":211,"column":null}}]},"26":{"loc":{"start":{"line":208,"column":6},"end":{"line":208,"column":70}},"type":"binary-expr","locations":[{"start":{"line":208,"column":6},"end":{"line":208,"column":17}},{"start":{"line":208,"column":21},"end":{"line":208,"column":70}}]},"27":{"loc":{"start":{"line":222,"column":2},"end":{"line":225,"column":null}},"type":"if","locations":[{"start":{"line":222,"column":2},"end":{"line":225,"column":null}}]},"28":{"loc":{"start":{"line":222,"column":6},"end":{"line":222,"column":56}},"type":"binary-expr","locations":[{"start":{"line":222,"column":6},"end":{"line":222,"column":29}},{"start":{"line":222,"column":33},"end":{"line":222,"column":56}}]},"29":{"loc":{"start":{"line":227,"column":2},"end":{"line":232,"column":null}},"type":"if","locations":[{"start":{"line":227,"column":2},"end":{"line":232,"column":null}}]},"30":{"loc":{"start":{"line":237,"column":2},"end":{"line":273,"column":null}},"type":"if","locations":[{"start":{"line":237,"column":2},"end":{"line":273,"column":null}}]},"31":{"loc":{"start":{"line":237,"column":6},"end":{"line":237,"column":21}},"type":"binary-expr","locations":[{"start":{"line":237,"column":6},"end":{"line":237,"column":10}},{"start":{"line":237,"column":14},"end":{"line":237,"column":21}}]},"32":{"loc":{"start":{"line":238,"column":4},"end":{"line":269,"column":null}},"type":"switch","locations":[{"start":{"line":239,"column":6},"end":{"line":248,"column":14}},{"start":{"line":249,"column":6},"end":{"line":258,"column":14}},{"start":{"line":259,"column":6},"end":{"line":268,"column":14}}]},"33":{"loc":{"start":{"line":240,"column":8},"end":{"line":245,"column":null}},"type":"if","locations":[{"start":{"line":240,"column":8},"end":{"line":245,"column":null}}]},"34":{"loc":{"start":{"line":250,"column":8},"end":{"line":255,"column":null}},"type":"if","locations":[{"start":{"line":250,"column":8},"end":{"line":255,"column":null}}]},"35":{"loc":{"start":{"line":260,"column":8},"end":{"line":265,"column":null}},"type":"if","locations":[{"start":{"line":260,"column":8},"end":{"line":265,"column":null}}]},"36":{"loc":{"start":{"line":285,"column":2},"end":{"line":298,"column":null}},"type":"switch","locations":[{"start":{"line":286,"column":4},"end":{"line":289,"column":12}},{"start":{"line":290,"column":4},"end":{"line":293,"column":12}},{"start":{"line":294,"column":4},"end":{"line":297,"column":12}}]},"37":{"loc":{"start":{"line":287,"column":13},"end":{"line":287,"column":33}},"type":"cond-expr","locations":[{"start":{"line":287,"column":20},"end":{"line":287,"column":22}},{"start":{"line":287,"column":20},"end":{"line":287,"column":33}}]},"38":{"loc":{"start":{"line":287,"column":13},"end":{"line":287,"column":22}},"type":"binary-expr","locations":[{"start":{"line":287,"column":13},"end":{"line":287,"column":22}},{"start":{"line":287,"column":13},"end":{"line":287,"column":22}}]},"39":{"loc":{"start":{"line":288,"column":13},"end":{"line":288,"column":39}},"type":"cond-expr","locations":[{"start":{"line":288,"column":20},"end":{"line":288,"column":22}},{"start":{"line":288,"column":20},"end":{"line":288,"column":39}}]},"40":{"loc":{"start":{"line":288,"column":13},"end":{"line":288,"column":22}},"type":"binary-expr","locations":[{"start":{"line":288,"column":13},"end":{"line":288,"column":22}},{"start":{"line":288,"column":13},"end":{"line":288,"column":22}}]},"41":{"loc":{"start":{"line":291,"column":13},"end":{"line":291,"column":34}},"type":"cond-expr","locations":[{"start":{"line":291,"column":20},"end":{"line":291,"column":22}},{"start":{"line":291,"column":20},"end":{"line":291,"column":34}}]},"42":{"loc":{"start":{"line":291,"column":13},"end":{"line":291,"column":22}},"type":"binary-expr","locations":[{"start":{"line":291,"column":13},"end":{"line":291,"column":22}},{"start":{"line":291,"column":13},"end":{"line":291,"column":22}}]},"43":{"loc":{"start":{"line":292,"column":13},"end":{"line":292,"column":40}},"type":"cond-expr","locations":[{"start":{"line":292,"column":20},"end":{"line":292,"column":22}},{"start":{"line":292,"column":20},"end":{"line":292,"column":40}}]},"44":{"loc":{"start":{"line":292,"column":13},"end":{"line":292,"column":22}},"type":"binary-expr","locations":[{"start":{"line":292,"column":13},"end":{"line":292,"column":22}},{"start":{"line":292,"column":13},"end":{"line":292,"column":22}}]},"45":{"loc":{"start":{"line":295,"column":13},"end":{"line":295,"column":31}},"type":"cond-expr","locations":[{"start":{"line":295,"column":20},"end":{"line":295,"column":22}},{"start":{"line":295,"column":20},"end":{"line":295,"column":31}}]},"46":{"loc":{"start":{"line":295,"column":13},"end":{"line":295,"column":22}},"type":"binary-expr","locations":[{"start":{"line":295,"column":13},"end":{"line":295,"column":22}},{"start":{"line":295,"column":13},"end":{"line":295,"column":22}}]},"47":{"loc":{"start":{"line":296,"column":13},"end":{"line":296,"column":37}},"type":"cond-expr","locations":[{"start":{"line":296,"column":20},"end":{"line":296,"column":22}},{"start":{"line":296,"column":20},"end":{"line":296,"column":37}}]},"48":{"loc":{"start":{"line":296,"column":13},"end":{"line":296,"column":22}},"type":"binary-expr","locations":[{"start":{"line":296,"column":13},"end":{"line":296,"column":22}},{"start":{"line":296,"column":13},"end":{"line":296,"column":22}}]},"49":{"loc":{"start":{"line":348,"column":2},"end":{"line":348,"column":46}},"type":"if","locations":[{"start":{"line":348,"column":2},"end":{"line":348,"column":46}}]},"50":{"loc":{"start":{"line":348,"column":6},"end":{"line":348,"column":35}},"type":"binary-expr","locations":[{"start":{"line":348,"column":6},"end":{"line":348,"column":22}},{"start":{"line":348,"column":26},"end":{"line":348,"column":35}}]}},"s":{"0":1,"1":1,"2":1,"3":1,"4":1,"5":1,"6":1,"7":1,"8":1,"9":1,"10":1,"11":1,"12":1,"13":1,"14":1,"15":1,"16":1,"17":1,"18":1,"19":1,"20":5,"21":5,"22":1,"23":1,"24":4,"25":4,"26":1,"27":1,"28":3,"29":3,"30":3,"31":3,"32":3,"33":3,"34":1,"35":2,"36":1,"37":1,"38":1,"39":0,"40":0,"41":0,"42":0,"43":1,"44":0,"45":0,"46":0,"47":0,"48":0,"49":0,"50":0,"51":0,"52":1,"53":0,"54":0,"55":0,"56":0,"57":1,"58":0,"59":0,"60":0,"61":0,"62":1,"63":0,"64":0,"65":0,"66":0,"67":1,"68":0,"69":0,"70":1,"71":0,"72":0,"73":1,"74":0,"75":0,"76":0,"77":0,"78":0,"79":0,"80":0,"81":0,"82":0,"83":0,"84":0,"85":0,"86":0,"87":0,"88":0,"89":0,"90":0,"91":0,"92":0,"93":0,"94":0,"95":0,"96":0,"97":0,"98":0,"99":0,"100":0,"101":0,"102":0,"103":0,"104":0,"105":0,"106":0,"107":0,"108":0,"109":0,"110":1,"111":0,"112":0,"113":0,"114":0,"115":0,"116":0,"117":0,"118":0,"119":0,"120":0,"121":0,"122":0,"123":0,"124":0,"125":0,"126":0,"127":0,"128":0,"129":0,"130":0,"131":0,"132":0,"133":0,"134":0,"135":0,"136":0,"137":0,"138":0,"139":0,"140":0,"141":0,"142":0,"143":0,"144":1,"145":0,"146":0,"147":0,"148":0,"149":0,"150":0,"151":0,"152":0,"153":0,"154":0,"155":0,"156":0,"157":0,"158":1,"159":0,"160":0,"161":1,"162":2,"163":1,"164":0,"165":0,"166":0,"167":0,"168":0,"169":0,"170":0,"171":0,"172":1,"173":0,"174":0,"175":0,"176":0,"177":1,"178":0,"179":0,"180":0,"181":1,"182":0,"183":0,"184":0,"185":1,"186":0,"187":0,"188":0,"189":0,"190":0,"191":0,"192":1,"193":0,"194":0,"195":1,"196":0,"197":0,"198":1,"199":1,"200":1},"f":{"0":1,"1":5,"2":5,"3":0,"4":0,"5":0,"6":0,"7":0,"8":0,"9":0,"10":0,"11":0,"12":0,"13":0,"14":0,"15":0,"16":0,"17":0,"18":0,"19":0,"20":0,"21":0,"22":0,"23":0,"24":0,"25":0,"26":0,"27":0,"28":0,"29":2,"30":0,"31":0,"32":0,"33":0,"34":0,"35":0,"36":0,"37":0,"38":0,"39":0,"40":0},"b":{"0":[1,1],"1":[1],"2":[1],"3":[3],"4":[1,2],"5":[1,1],"6":[1],"7":[0],"8":[0],"9":[0,0],"10":[0],"11":[0,0],"12":[0,0],"13":[0],"14":[0,0],"15":[0],"16":[0,0],"17":[0,0],"18":[0],"19":[0],"20":[0,0],"21":[0],"22":[0,0],"23":[0],"24":[0,0],"25":[0],"26":[0,0],"27":[0],"28":[0,0],"29":[0],"30":[0],"31":[0,0],"32":[0,0,0],"33":[0],"34":[0],"35":[0],"36":[0,0,0],"37":[0,0],"38":[0,0],"39":[0,0],"40":[0,0],"41":[0,0],"42":[0,0],"43":[0,0],"44":[0,0],"45":[0,0],"46":[0,0],"47":[0,0],"48":[0,0],"49":[0],"50":[0,0]}}
,"/Users/SatMan1980/Downloads/program/HIVE_Heychain/TESTing_TESTS/hive-keychain-extension/src/utils/logger.utils.ts": {"path":"/Users/SatMan1980/Downloads/program/HIVE_Heychain/TESTing_TESTS/hive-keychain-extension/src/utils/logger.utils.ts","statementMap":{"0":{"start":{"line":3,"column":0},"end":{"line":3,"column":28}},"1":{"start":{"line":6,"column":2},"end":{"line":6,"column":26}},"2":{"start":{"line":9,"column":13},"end":{"line":11,"column":1}},"3":{"start":{"line":10,"column":2},"end":{"line":10,"column":62}},"4":{"start":{"line":12,"column":13},"end":{"line":14,"column":1}},"5":{"start":{"line":13,"column":2},"end":{"line":13,"column":64}},"6":{"start":{"line":16,"column":14},"end":{"line":21,"column":1}},"7":{"start":{"line":17,"column":2},"end":{"line":17,"column":61}},"8":{"start":{"line":18,"column":2},"end":{"line":20,"column":null}},"9":{"start":{"line":19,"column":4},"end":{"line":19,"column":28}},"10":{"start":{"line":24,"column":2},"end":{"line":24,"column":73}},"11":{"start":{"line":27,"column":15},"end":{"line":27,"column":41}},"12":{"start":{"line":29,"column":0},"end":{"line":29,"column":22}}},"fnMap":{"0":{"name":"log","decl":{"start":{"line":5,"column":9},"end":{"line":5,"column":12}},"loc":{"start":{"line":5,"column":30},"end":{"line":7,"column":1}}},"1":{"name":"(anonymous_2)","decl":{"start":{"line":9,"column":13},"end":{"line":9,"column":14}},"loc":{"start":{"line":9,"column":33},"end":{"line":11,"column":1}}},"2":{"name":"(anonymous_3)","decl":{"start":{"line":12,"column":13},"end":{"line":12,"column":14}},"loc":{"start":{"line":12,"column":33},"end":{"line":14,"column":1}}},"3":{"name":"(anonymous_4)","decl":{"start":{"line":16,"column":14},"end":{"line":16,"column":15}},"loc":{"start":{"line":16,"column":49},"end":{"line":21,"column":1}}},"4":{"name":"timestamp","decl":{"start":{"line":23,"column":9},"end":{"line":23,"column":18}},"loc":{"start":{"line":23,"column":18},"end":{"line":25,"column":1}}}},"branchMap":{"0":{"loc":{"start":{"line":18,"column":2},"end":{"line":20,"column":null}},"type":"if","locations":[{"start":{"line":18,"column":2},"end":{"line":20,"column":null}}]}},"s":{"0":2,"1":0,"2":2,"3":1,"4":2,"5":2,"6":2,"7":1,"8":1,"9":0,"10":4,"11":2,"12":2},"f":{"0":0,"1":1,"2":2,"3":1,"4":4},"b":{"0":[0]}}
}
