TN:
SF:src/interfaces/keys.interface.ts
FN:12,(anonymous_0)
FNF:1
FNH:1
FNDA:1,(anonymous_0)
DA:12,1
DA:13,1
DA:14,1
DA:15,1
LF:4
LH:4
BRDA:12,0,0,1
BRDA:12,0,1,1
BRF:2
BRH:2
end_of_record
TN:
SF:src/utils/account.utils.ts
FN:23,(anonymous_14)
FN:31,(anonymous_15)
FN:31,(anonymous_16)
FN:82,(anonymous_17)
FN:86,(anonymous_18)
FN:99,(anonymous_19)
FN:99,(anonymous_20)
FN:108,(anonymous_21)
FN:110,(anonymous_22)
FN:118,(anonymous_23)
FN:126,(anonymous_24)
FN:130,(anonymous_25)
FN:130,(anonymous_26)
FN:134,(anonymous_27)
FN:134,(anonymous_28)
FN:142,(anonymous_29)
FN:147,(anonymous_30)
FN:157,(anonymous_31)
FN:164,(anonymous_32)
FN:170,(anonymous_33)
FN:193,(anonymous_34)
FN:196,(anonymous_35)
FN:216,(anonymous_36)
FN:221,(anonymous_37)
FN:235,(anonymous_38)
FN:276,(anonymous_39)
FN:282,(anonymous_40)
FN:302,(anonymous_41)
FN:307,(anonymous_42)
FN:311,(anonymous_43)
FN:318,(anonymous_44)
FN:318,(anonymous_45)
FN:330,(anonymous_46)
FN:337,(anonymous_47)
FN:362,(anonymous_48)
FN:362,(anonymous_49)
FN:369,(anonymous_50)
FN:393,(anonymous_51)
FN:393,(anonymous_52)
FN:399,(anonymous_53)
FN:399,(anonymous_54)
FNF:41
FNH:4
FNDA:1,(anonymous_14)
FNDA:5,(anonymous_15)
FNDA:5,(anonymous_16)
FNDA:0,(anonymous_17)
FNDA:0,(anonymous_18)
FNDA:0,(anonymous_19)
FNDA:0,(anonymous_20)
FNDA:0,(anonymous_21)
FNDA:0,(anonymous_22)
FNDA:0,(anonymous_23)
FNDA:0,(anonymous_24)
FNDA:0,(anonymous_25)
FNDA:0,(anonymous_26)
FNDA:0,(anonymous_27)
FNDA:0,(anonymous_28)
FNDA:0,(anonymous_29)
FNDA:0,(anonymous_30)
FNDA:0,(anonymous_31)
FNDA:0,(anonymous_32)
FNDA:0,(anonymous_33)
FNDA:0,(anonymous_34)
FNDA:0,(anonymous_35)
FNDA:0,(anonymous_36)
FNDA:0,(anonymous_37)
FNDA:0,(anonymous_38)
FNDA:0,(anonymous_39)
FNDA:0,(anonymous_40)
FNDA:0,(anonymous_41)
FNDA:0,(anonymous_42)
FNDA:2,(anonymous_43)
FNDA:0,(anonymous_44)
FNDA:0,(anonymous_45)
FNDA:0,(anonymous_46)
FNDA:0,(anonymous_47)
FNDA:0,(anonymous_48)
FNDA:0,(anonymous_49)
FNDA:0,(anonymous_50)
FNDA:0,(anonymous_51)
FNDA:0,(anonymous_52)
FNDA:0,(anonymous_53)
FNDA:0,(anonymous_54)
DA:1,1
DA:4,1
DA:5,1
DA:6,1
DA:10,1
DA:11,1
DA:14,1
DA:16,1
DA:17,1
DA:18,1
DA:19,1
DA:20,1
DA:21,1
DA:23,1
DA:24,1
DA:25,1
DA:26,1
DA:27,1
DA:28,1
DA:31,5
DA:32,5
DA:33,1
DA:36,1
DA:38,4
DA:41,4
DA:42,1
DA:43,1
DA:45,3
DA:46,3
DA:47,3
DA:49,3
DA:50,3
DA:51,3
DA:52,1
DA:56,2
DA:57,1
DA:61,1
DA:62,1
DA:69,0
DA:75,0
DA:76,0
DA:79,0
DA:82,1
DA:86,0
DA:87,0
DA:88,0
DA:89,0
DA:91,0
DA:92,0
DA:93,0
DA:96,0
DA:99,1
DA:100,0
DA:101,0
DA:102,0
DA:108,1
DA:110,0
DA:111,0
DA:114,0
DA:115,0
DA:118,1
DA:122,0
DA:123,0
DA:125,0
DA:126,0
DA:130,1
DA:131,0
DA:134,1
DA:135,0
DA:142,1
DA:147,0
DA:150,0
DA:151,0
DA:152,0
DA:155,0
DA:157,0
DA:160,0
DA:161,0
DA:163,0
DA:164,0
DA:168,0
DA:170,0
DA:173,0
DA:174,0
DA:177,0
DA:181,0
DA:182,0
DA:183,0
DA:185,0
DA:187,0
DA:188,0
DA:190,0
DA:192,0
DA:193,0
DA:195,0
DA:196,0
DA:199,0
DA:200,0
DA:201,0
DA:204,0
DA:205,0
DA:206,0
DA:208,0
DA:209,0
DA:210,0
DA:213,0
DA:216,1
DA:221,0
DA:222,0
DA:223,0
DA:224,0
DA:227,0
DA:228,0
DA:231,0
DA:233,0
DA:234,0
DA:235,0
DA:237,0
DA:238,0
DA:240,0
DA:241,0
DA:244,0
DA:246,0
DA:247,0
DA:248,0
DA:250,0
DA:251,0
DA:254,0
DA:256,0
DA:257,0
DA:258,0
DA:260,0
DA:261,0
DA:264,0
DA:266,0
DA:267,0
DA:268,0
DA:270,0
DA:271,0
DA:272,0
DA:276,1
DA:281,0
DA:282,0
DA:285,0
DA:287,0
DA:288,0
DA:289,0
DA:291,0
DA:292,0
DA:293,0
DA:295,0
DA:296,0
DA:297,0
DA:299,0
DA:302,1
DA:306,0
DA:307,0
DA:311,1
DA:315,2
DA:318,1
DA:319,0
DA:320,0
DA:323,0
DA:324,0
DA:325,0
DA:326,0
DA:327,0
DA:330,1
DA:331,0
DA:332,0
DA:333,0
DA:334,0
DA:337,1
DA:348,0
DA:349,0
DA:362,1
DA:363,0
DA:366,0
DA:369,1
DA:373,0
DA:376,0
DA:380,0
DA:385,0
DA:389,0
DA:390,0
DA:393,1
DA:394,0
DA:399,1
DA:400,0
DA:403,1
DA:424,1
DA:428,1
LF:192
LH:60
BRDA:23,0,0,1
BRDA:23,0,1,1
BRDA:32,1,0,1
BRDA:41,2,0,1
BRDA:49,3,0,3
BRDA:51,4,0,1
BRDA:51,4,1,2
BRDA:56,5,0,1
BRDA:56,5,1,1
BRDA:61,6,0,1
BRDA:75,7,0,0
BRDA:87,8,0,0
BRDA:87,9,0,0
BRDA:87,9,1,0
BRDA:91,10,0,0
BRDA:115,11,0,0
BRDA:115,11,1,0
BRDA:115,12,0,0
BRDA:115,12,1,0
BRDA:122,13,0,0
BRDA:122,14,0,0
BRDA:122,14,1,0
BRDA:150,15,0,0
BRDA:150,16,0,0
BRDA:150,16,1,0
BRDA:155,17,0,0
BRDA:155,17,1,0
BRDA:168,18,0,0
BRDA:181,19,0,0
BRDA:181,20,0,0
BRDA:181,20,1,0
BRDA:199,21,0,0
BRDA:199,22,0,0
BRDA:199,22,1,0
BRDA:204,23,0,0
BRDA:204,24,0,0
BRDA:204,24,1,0
BRDA:208,25,0,0
BRDA:208,26,0,0
BRDA:208,26,1,0
BRDA:222,27,0,0
BRDA:222,28,0,0
BRDA:222,28,1,0
BRDA:227,29,0,0
BRDA:237,30,0,0
BRDA:237,31,0,0
BRDA:237,31,1,0
BRDA:238,32,0,0
BRDA:238,32,1,0
BRDA:238,32,2,0
BRDA:240,33,0,0
BRDA:250,34,0,0
BRDA:260,35,0,0
BRDA:285,36,0,0
BRDA:285,36,1,0
BRDA:285,36,2,0
BRDA:287,37,0,0
BRDA:287,37,1,0
BRDA:287,38,0,0
BRDA:287,38,1,0
BRDA:288,39,0,0
BRDA:288,39,1,0
BRDA:288,40,0,0
BRDA:288,40,1,0
BRDA:291,41,0,0
BRDA:291,41,1,0
BRDA:291,42,0,0
BRDA:291,42,1,0
BRDA:292,43,0,0
BRDA:292,43,1,0
BRDA:292,44,0,0
BRDA:292,44,1,0
BRDA:295,45,0,0
BRDA:295,45,1,0
BRDA:295,46,0,0
BRDA:295,46,1,0
BRDA:296,47,0,0
BRDA:296,47,1,0
BRDA:296,48,0,0
BRDA:296,48,1,0
BRDA:348,49,0,0
BRDA:348,50,0,0
BRDA:348,50,1,0
BRF:83
BRH:10
end_of_record
TN:
SF:src/utils/logger.utils.ts
FN:5,log
FN:9,(anonymous_2)
FN:12,(anonymous_3)
FN:16,(anonymous_4)
FN:23,timestamp
FNF:5
FNH:4
FNDA:0,log
FNDA:1,(anonymous_2)
FNDA:2,(anonymous_3)
FNDA:1,(anonymous_4)
FNDA:4,timestamp
DA:3,2
DA:6,0
DA:9,2
DA:10,1
DA:12,2
DA:13,2
DA:16,2
DA:17,1
DA:18,1
DA:19,0
DA:24,4
DA:27,2
DA:29,2
LF:13
LH:11
BRDA:18,0,0,0
BRF:1
BRH:0
end_of_record
